frontend/android/app/build/intermediates/manifest_merge_blame_file/release/manifest-merger-blame-release-report.txt
1<?xml version="1.0" encoding="utf-8"?>
2<manifest xmlns:android="http://schemas.android.com/apk/res/android"
3    package="com.ecovillaraza3.Camry"
4    android:versionCode="1"
5    android:versionName="1.0.0" >
6
7    <uses-sdk
8        android:minSdkVersion="21"
8-->src/main/AndroidManifest.xml
9        android:targetSdkVersion="28" />
9-->src/main/AndroidManifest.xml
10
11    <uses-permission android:name="android.permission.INTERNET" />
11-->src/main/AndroidManifest.xml:2:3-64
11-->src/main/AndroidManifest.xml:2:20-62
12    <uses-permission android:name="android.permission.SYSTEM_ALERT_WINDOW" />
12-->src/main/AndroidManifest.xml:3:3-75
12-->src/main/AndroidManifest.xml:3:20-73
13    <uses-permission android:name="android.permission.MANAGE_DOCUMENTS" />
13-->src/main/AndroidManifest.xml:4:3-72
13-->src/main/AndroidManifest.xml:4:20-70
14    <uses-permission android:name="android.permission.READ_INTERNAL_STORAGE" />
14-->src/main/AndroidManifest.xml:5:3-77
14-->src/main/AndroidManifest.xml:5:20-75
15    <uses-permission android:name="android.permission.READ_PHONE_STATE" />
15-->src/main/AndroidManifest.xml:6:3-72
15-->src/main/AndroidManifest.xml:6:20-70
16    <uses-permission android:name="android.permission.USE_FINGERPRINT" />
16-->src/main/AndroidManifest.xml:7:3-71
16-->src/main/AndroidManifest.xml:7:20-69
17    <uses-permission android:name="android.permission.VIBRATE" />
17-->src/main/AndroidManifest.xml:8:3-63
17-->src/main/AndroidManifest.xml:8:20-61
18    <uses-permission android:name="android.permission.MODIFY_AUDIO_SETTINGS" />
18-->src/main/AndroidManifest.xml:9:3-77
18-->src/main/AndroidManifest.xml:9:20-75
19    <uses-permission android:name="android.permission.ACCESS_COARSE_LOCATION" />
19-->src/main/AndroidManifest.xml:10:3-78
19-->src/main/AndroidManifest.xml:10:20-76
20    <uses-permission android:name="android.permission.ACCESS_FINE_LOCATION" />
20-->src/main/AndroidManifest.xml:11:3-76
20-->src/main/AndroidManifest.xml:11:20-74
21    <uses-permission android:name="android.permission.CAMERA" />
21-->src/main/AndroidManifest.xml:12:3-62
21-->src/main/AndroidManifest.xml:12:20-60
22    <uses-permission android:name="android.permission.READ_CONTACTS" />
22-->src/main/AndroidManifest.xml:13:3-69
22-->src/main/AndroidManifest.xml:13:20-67
23    <uses-permission android:name="android.permission.READ_CALENDAR" />
23-->src/main/AndroidManifest.xml:14:3-69
23-->src/main/AndroidManifest.xml:14:20-67
24    <uses-permission android:name="android.permission.WRITE_CALENDAR" />
24-->src/main/AndroidManifest.xml:15:3-70
24-->src/main/AndroidManifest.xml:15:20-68
25    <uses-permission android:name="android.permission.READ_EXTERNAL_STORAGE" />
25-->src/main/AndroidManifest.xml:16:3-77
25-->src/main/AndroidManifest.xml:16:20-75
26    <uses-permission android:name="android.permission.RECORD_AUDIO" />
26-->src/main/AndroidManifest.xml:17:3-68
26-->src/main/AndroidManifest.xml:17:20-66
27    <uses-permission android:name="android.permission.WRITE_EXTERNAL_STORAGE" />
27-->src/main/AndroidManifest.xml:18:3-78
27-->src/main/AndroidManifest.xml:18:20-76
28    <uses-permission android:name="android.permission.WRITE_SETTINGS" />
28-->src/main/AndroidManifest.xml:19:3-70
28-->src/main/AndroidManifest.xml:19:20-68
29    <uses-permission android:name="android.permission.ACCESS_NETWORK_STATE" />
29-->src/main/AndroidManifest.xml:20:3-76
29-->src/main/AndroidManifest.xml:20:20-74
30    <uses-permission android:name="android.permission.WAKE_LOCK" />
30-->src/main/AndroidManifest.xml:21:3-65
30-->src/main/AndroidManifest.xml:21:20-63
31    <uses-permission android:name="com.google.android.c2dm.permission.RECEIVE" />
31-->src/main/AndroidManifest.xml:22:3-79
31-->src/main/AndroidManifest.xml:22:20-77
32
33    <queries>
33-->[:react-native-image-crop-picker] AndroidManifest.xml:10:5-14:15
34        <intent>
34-->[:react-native-image-crop-picker] AndroidManifest.xml:11:9-13:18
35            <action android:name="android.media.action.IMAGE_CAPTURE" />
35-->[:react-native-image-crop-picker] AndroidManifest.xml:12:13-73
35-->[:react-native-image-crop-picker] AndroidManifest.xml:12:21-70
36        </intent>
37    </queries>
38
39    <uses-permission android:name="android.permission.STORAGE" />
39-->[:expo-file-system] AndroidManifest.xml:15:5-66
39-->[:expo-file-system] AndroidManifest.xml:15:22-63
40    <uses-permission android:name="android.permission.FOREGROUND_SERVICE" />
40-->[:expo-location] AndroidManifest.xml:13:5-77
40-->[:expo-location] AndroidManifest.xml:13:22-74
41    <uses-permission android:name="com.google.android.providers.gsf.permission.READ_GSERVICES" />
41-->[io.nlopez.smartlocation:library:3.2.11] AndroidManifest.xml:15:5-98
41-->[io.nlopez.smartlocation:library:3.2.11] AndroidManifest.xml:15:22-95
42    <uses-permission android:name="com.google.android.gms.permission.ACTIVITY_RECOGNITION" />
42-->[io.nlopez.smartlocation:library:3.2.11] AndroidManifest.xml:16:5-94
42-->[io.nlopez.smartlocation:library:3.2.11] AndroidManifest.xml:16:22-91
43
44    <application
44-->src/main/AndroidManifest.xml:23:3-41:17
45        android:name="com.ecovillaraza3.Camry.MainApplication"
45-->src/main/AndroidManifest.xml:23:16-47
46        android:allowBackup="true"
46-->src/main/AndroidManifest.xml:23:162-188
47        android:appComponentFactory="androidx.core.app.CoreComponentFactory"
47-->[androidx.core:core:1.1.0] AndroidManifest.xml:24:18-86
48        android:icon="@mipmap/ic_launcher"
48-->src/main/AndroidManifest.xml:23:81-115
49        android:label="@string/app_name"
49-->src/main/AndroidManifest.xml:23:48-80
50        android:roundIcon="@mipmap/ic_launcher_round"
50-->src/main/AndroidManifest.xml:23:116-161
51        android:theme="@style/AppTheme" >
51-->src/main/AndroidManifest.xml:23:189-220
52        <meta-data
52-->src/main/AndroidManifest.xml:24:5-93
53            android:name="expo.modules.updates.EXPO_SDK_VERSION"
53-->src/main/AndroidManifest.xml:24:16-68
54            android:value="38.0.0" />
54-->src/main/AndroidManifest.xml:24:69-91
55        <meta-data
55-->src/main/AndroidManifest.xml:25:5-82
56            android:name="expo.modules.updates.ENABLED"
56-->src/main/AndroidManifest.xml:25:16-59
57            android:value="true" />
57-->src/main/AndroidManifest.xml:25:60-80
58        <meta-data
58-->src/main/AndroidManifest.xml:26:5-105
59            android:name="expo.modules.updates.EXPO_UPDATES_CHECK_ON_LAUNCH"
59-->src/main/AndroidManifest.xml:26:16-80
60            android:value="ALWAYS" />
60-->src/main/AndroidManifest.xml:26:81-103
61        <meta-data
61-->src/main/AndroidManifest.xml:27:5-99
62            android:name="expo.modules.updates.EXPO_UPDATES_LAUNCH_WAIT_MS"
62-->src/main/AndroidManifest.xml:27:16-79
63            android:value="0" />
63-->src/main/AndroidManifest.xml:27:80-97
64
65        <activity
65-->src/main/AndroidManifest.xml:28:5-39:16
66            android:name="com.ecovillaraza3.Camry.MainActivity"
66-->src/main/AndroidManifest.xml:28:15-43
67            android:configChanges="keyboard|keyboardHidden|orientation|screenSize|uiMode"
67-->src/main/AndroidManifest.xml:28:77-154
68            android:label="@string/app_name"
68-->src/main/AndroidManifest.xml:28:44-76
69            android:launchMode="singleTask"
69-->src/main/AndroidManifest.xml:28:155-186
70            android:screenOrientation="portrait"
70-->src/main/AndroidManifest.xml:28:276-312
71            android:theme="@style/Theme.App.SplashScreen"
71-->src/main/AndroidManifest.xml:28:230-275
72            android:windowSoftInputMode="adjustResize" >
72-->src/main/AndroidManifest.xml:28:187-229
73            <intent-filter>
73-->src/main/AndroidManifest.xml:29:7-32:23
74                <action android:name="android.intent.action.MAIN" />
74-->src/main/AndroidManifest.xml:30:9-60
74-->src/main/AndroidManifest.xml:30:17-58
75
76                <category android:name="android.intent.category.LAUNCHER" />
76-->src/main/AndroidManifest.xml:31:9-68
76-->src/main/AndroidManifest.xml:31:19-66
77            </intent-filter>
78            <intent-filter>
78-->src/main/AndroidManifest.xml:33:7-38:23
79                <action android:name="android.intent.action.VIEW" />
79-->src/main/AndroidManifest.xml:34:9-60
79-->src/main/AndroidManifest.xml:34:17-58
80
81                <category android:name="android.intent.category.DEFAULT" />
81-->src/main/AndroidManifest.xml:35:9-67
81-->src/main/AndroidManifest.xml:35:19-65
82                <category android:name="android.intent.category.BROWSABLE" />
82-->src/main/AndroidManifest.xml:36:9-69
82-->src/main/AndroidManifest.xml:36:19-67
83
84                <data android:scheme="com.ecovillaraza3.Camry" />
84-->src/main/AndroidManifest.xml:37:9-57
84-->src/main/AndroidManifest.xml:37:15-55
85            </intent-filter>
86        </activity>
87        <activity android:name="com.facebook.react.devsupport.DevSettingsActivity" />
87-->src/main/AndroidManifest.xml:40:5-81
87-->src/main/AndroidManifest.xml:40:15-79
88
89        <meta-data
89-->[:unimodules-react-native-adapter] AndroidManifest.xml:12:9-14:91
90            android:name="org.unimodules.core.AppLoader#react-native-headless"
90-->[:unimodules-react-native-adapter] AndroidManifest.xml:13:13-79
91            android:value="org.unimodules.adapters.react.apploader.RNHeadlessAppLoader" />
91-->[:unimodules-react-native-adapter] AndroidManifest.xml:14:13-88
92
93        <provider
93-->[:react-native-image-crop-picker] AndroidManifest.xml:19:9-27:20
94            android:name="androidx.core.content.FileProvider"
94-->[:react-native-image-crop-picker] AndroidManifest.xml:20:13-62
95            android:authorities="com.ecovillaraza3.Camry.provider"
95-->[:react-native-image-crop-picker] AndroidManifest.xml:21:13-60
96            android:exported="false"
96-->[:react-native-image-crop-picker] AndroidManifest.xml:22:13-37
97            android:grantUriPermissions="true" >
97-->[:react-native-image-crop-picker] AndroidManifest.xml:23:13-47
98            <meta-data
98-->[:react-native-image-crop-picker] AndroidManifest.xml:24:13-26:58
99                android:name="android.support.FILE_PROVIDER_PATHS"
99-->[:react-native-image-crop-picker] AndroidManifest.xml:25:17-67
100                android:resource="@xml/provider_paths" />
100-->[:react-native-image-crop-picker] AndroidManifest.xml:26:17-55
101        </provider>
102
103        <activity
103-->[:react-native-image-crop-picker] AndroidManifest.xml:29:9-31:72
104            android:name="com.yalantis.ucrop.UCropActivity"
104-->[:react-native-image-crop-picker] AndroidManifest.xml:30:13-60
105            android:theme="@style/Theme.AppCompat.Light.NoActionBar" />
105-->[:react-native-image-crop-picker] AndroidManifest.xml:31:13-69
106
107        <provider
107-->[:expo-file-system] AndroidManifest.xml:18:9-27:20
108            android:name="expo.modules.filesystem.FileSystemFileProvider"
108-->[:expo-file-system] AndroidManifest.xml:19:13-74
109            android:authorities="com.ecovillaraza3.Camry.FileSystemFileProvider"
109-->[:expo-file-system] AndroidManifest.xml:20:13-74
110            android:exported="false"
110-->[:expo-file-system] AndroidManifest.xml:21:13-37
111            android:grantUriPermissions="true" >
111-->[:expo-file-system] AndroidManifest.xml:22:13-47
112            <meta-data
112-->[:react-native-image-crop-picker] AndroidManifest.xml:24:13-26:58
113                android:name="android.support.FILE_PROVIDER_PATHS"
113-->[:react-native-image-crop-picker] AndroidManifest.xml:25:17-67
114                android:resource="@xml/file_system_provider_paths" />
114-->[:react-native-image-crop-picker] AndroidManifest.xml:26:17-55
115        </provider>
116
117        <service
117-->[:expo-location] AndroidManifest.xml:16:9-18:40
118            android:name="expo.modules.location.services.LocationTaskService"
118-->[:expo-location] AndroidManifest.xml:17:13-78
119            android:exported="false" />
119-->[:expo-location] AndroidManifest.xml:18:13-37
120
121        <activity
121-->[com.google.android.gms:play-services-base:16.0.1] AndroidManifest.xml:23:9-26:75
122            android:name="com.google.android.gms.common.api.GoogleApiActivity"
122-->[com.google.android.gms:play-services-base:16.0.1] AndroidManifest.xml:24:13-79
123            android:exported="false"
123-->[com.google.android.gms:play-services-base:16.0.1] AndroidManifest.xml:25:13-37
124            android:theme="@android:style/Theme.Translucent.NoTitleBar" />
124-->[com.google.android.gms:play-services-base:16.0.1] AndroidManifest.xml:26:13-72
125
126        <meta-data
126-->[com.google.android.gms:play-services-basement:16.0.1] AndroidManifest.xml:23:9-25:69
127            android:name="com.google.android.gms.version"
127-->[com.google.android.gms:play-services-basement:16.0.1] AndroidManifest.xml:24:13-58
128            android:value="@integer/google_play_services_version" />
128-->[com.google.android.gms:play-services-basement:16.0.1] AndroidManifest.xml:25:13-66
129
130        <service
130-->[androidx.room:room-runtime:2.1.0] AndroidManifest.xml:25:9-27:40
131            android:name="androidx.room.MultiInstanceInvalidationService"
131-->[androidx.room:room-runtime:2.1.0] AndroidManifest.xml:26:13-74
132            android:exported="false" />
132-->[androidx.room:room-runtime:2.1.0] AndroidManifest.xml:27:13-37
133        <service
133-->[io.nlopez.smartlocation:library:3.2.11] AndroidManifest.xml:19:9-21:40
134            android:name="io.nlopez.smartlocation.activity.providers.ActivityGooglePlayServicesProvider$ActivityRecognitionService"
134-->[io.nlopez.smartlocation:library:3.2.11] AndroidManifest.xml:20:13-132
135            android:exported="false" />
135-->[io.nlopez.smartlocation:library:3.2.11] AndroidManifest.xml:21:13-37
136        <service
136-->[io.nlopez.smartlocation:library:3.2.11] AndroidManifest.xml:22:9-24:40
137            android:name="io.nlopez.smartlocation.geofencing.providers.GeofencingGooglePlayServicesProvider$GeofencingService"
137-->[io.nlopez.smartlocation:library:3.2.11] AndroidManifest.xml:23:13-127
138            android:exported="false" />
138-->[io.nlopez.smartlocation:library:3.2.11] AndroidManifest.xml:24:13-37
139        <service
139-->[io.nlopez.smartlocation:library:3.2.11] AndroidManifest.xml:25:9-27:40
140            android:name="io.nlopez.smartlocation.geocoding.providers.AndroidGeocodingProvider$AndroidGeocodingService"
140-->[io.nlopez.smartlocation:library:3.2.11] AndroidManifest.xml:26:13-120
141            android:exported="false" />
141-->[io.nlopez.smartlocation:library:3.2.11] AndroidManifest.xml:27:13-37
142    </application>
143
144</manifest>